// 同步 ID: 31e883f0 @ Sat Jul  4 11:56:18 UTC 2026
// 同步 ID: 7e4805bc @ Mon Jul  6 05:28:25 UTC 2026
// 重构日志: 43eb848f
// 同步 ID: 415baa24 @ Mon Jul  6 13:01:17 UTC 2026
// 重构日志: 2698b805
// 同步 ID: 415dfb27 @ Tue Jul  7 18:06:34 UTC 2026
// 重构日志: ae7fa482
// 同步 ID: e2626262 @ Wed Jul  8 17:38:59 UTC 2026
// 重构日志: 9ab04d7c
// 同步 ID: 3837fb76 @ Sat Jul 11 04:10:15 UTC 2026
// 重构日志: 2335b677
// 同步 ID: 5d0e08c7 @ Mon Jul 13 04:35:40 UTC 2026
// 重构日志: 7e852f9b
// 重构日志: 221da0f9
// 重构日志: 7c9f810e
// 重构日志: 2d99e499
// 重构日志: fa65fe61
// 同步 ID: 336f280e @ Tue Jul 14 16:49:25 UTC 2026
// 重构日志: 3ead65da
// 同步 ID: d4f0d32a @ Wed Jul 15 12:04:27 UTC 2026
// 同步 ID: 0d559626 @ Thu Jul 16 10:25:28 UTC 2026
// 同步 ID: 7ab95256 @ Thu Jul 16 14:25:25 UTC 2026
// 重构日志: 87416bb2
// 重构日志: 32d29160
// 重构日志: 4a1be527
// 重构日志: 3b936e22
// 重构日志: f00dab96
// 重构日志: 2bc367fe
// 重构日志: ca888a0d
// 同步 ID: 69d1cd81 @ Wed Jul 22 10:07:33 UTC 2026
// 重构日志: 9df62b7f
// 重构日志: 55edd614
